<?xml version="1.0" encoding="UTF-8"?>
<!-- Generated by org.testng.reporters.JUnitReportReporter -->
<testsuite hostname="SeenaReddy" failures="0" tests="1" name="testng.CollegeWeeklive" time="6.559" errors="0" timestamp="2024-09-19T06:37:26 MDT" skipped="0">
  <testcase classname="testng.CollegeWeeklive" name="f" time="6.559"/>
</testsuite> <!-- testng.CollegeWeeklive -->
