<?xml version="1.0" encoding="UTF-8"?>
<!-- Generated by org.testng.reporters.JUnitReportReporter -->
<testsuite hostname="SeenaReddy" failures="0" tests="1" name="testng.MultiSelectionDemo" time="16.061" errors="0" timestamp="2024-09-18T06:30:00 MDT" skipped="0">
  <testcase classname="testng.MultiSelectionDemo" name="f" time="16.061"/>
</testsuite> <!-- testng.MultiSelectionDemo -->
