<?xml version="1.0" encoding="UTF-8"?>
<!-- Generated by org.testng.reporters.JUnitReportReporter -->
<testsuite hostname="SeenaReddy" failures="0" tests="1" name="assignments.Assignment13_Sreeni" time="16.768" errors="0" timestamp="2024-09-24T06:22:54 MDT" skipped="0">
  <testcase classname="assignments.Assignment13_Sreeni" name="f" time="16.768"/>
</testsuite> <!-- assignments.Assignment13_Sreeni -->
