<?xml version="1.0" encoding="UTF-8"?>
<!-- Generated by org.testng.reporters.JUnitReportReporter -->
<testsuite hostname="SeenaReddy" failures="0" tests="1" name="assignments.Assignment14_xpath_orangehrmlive" time="10.421" errors="0" timestamp="2024-09-24T06:12:47 MDT" skipped="0">
  <testcase classname="assignments.Assignment14_xpath_orangehrmlive" name="f" time="10.421"/>
</testsuite> <!-- assignments.Assignment14_xpath_orangehrmlive -->
